<?xml version="1.0" encoding="UTF-8"?>
<testsuite name="com.infy.controller.ConnectionTest" tests="2" skipped="0" failures="0" errors="0" timestamp="2021-09-14T11:47:57" hostname="LAPTOP-B3PATUE4" time="4.118">
  <properties/>
  <testcase name="testAdd()" classname="com.infy.controller.ConnectionTest" time="3.934"/>
  <testcase name="Should Not Create connection when parameters are null" classname="com.infy.controller.ConnectionTest" time="0.183"/>
  <system-out><![CDATA[Instantiating Connection
Instantiating Connection
]]></system-out>
  <system-err><![CDATA[[cb-events] INFO com.couchbase.core - [com.couchbase.core][CoreCreatedEvent] {"clientVersion":"3.2.1","clientGitHash":"${buildNumber}","coreVersion":"2.2.1","coreGitHash":"${buildNumber}","userAgent":"couchbase-java/3.2.1 (Windows 10 10.0 amd64; Java HotSpot(TM) 64-Bit Server VM 1.8.0_301-b09)","maxNumRequestsInRetry":32768,"ioEnvironment":{"nativeIoEnabled":true,"eventLoopThreadCount":4,"eventLoopGroups":["NioEventLoopGroup"]},"ioConfig":{"captureTraffic":[],"mutationTokensEnabled":true,"networkResolution":"auto","dnsSrvEnabled":true,"tcpKeepAlivesEnabled":true,"tcpKeepAliveTimeMs":60000,"configPollIntervalMs":2500,"kvCircuitBreakerConfig":"disabled","queryCircuitBreakerConfig":"disabled","viewCircuitBreakerConfig":"disabled","searchCircuitBreakerConfig":"disabled","analyticsCircuitBreakerConfig":"disabled","managerCircuitBreakerConfig":"disabled","eventingCircuitBreakerConfig":"disabled","numKvConnections":1,"maxHttpConnections":12,"idleHttpConnectionTimeoutMs":4500,"configIdleRedialTimeoutMs":300000,"memcachedHashingStrategy":"StandardMemcachedHashingStrategy"},"compressionConfig":{"enabled":true,"minRatio":0.83,"minSize":32},"securityConfig":{"tlsEnabled":false,"nativeTlsEnabled":true,"hostnameVerificationEnabled":true,"hasTrustCertificates":false,"trustManagerFactory":null,"ciphers":[]},"timeoutConfig":{"kvMs":60000,"kvDurableMs":10000,"managementMs":75000,"queryMs":10000,"viewMs":75000,"searchMs":75000,"analyticsMs":75000,"connectMs":10000,"disconnectMs":10000,"eventingMs":75000},"loggerConfig":{"customLogger":null,"fallbackToConsole":false,"consoleLogLevel":{"name":"INFO","resourceBundleName":"sun.util.logging.resources.logging","localizedName":"INFO"},"disableSlf4j":false,"loggerName":"CouchbaseLogger","diagnosticContextEnabled":false},"orphanReporterConfig":{"emitIntervalMs":10000,"sampleSize":10,"queueLength":1024,"enabled":true},"thresholdLoggingTracerConfig":{"enabled":true,"emitIntervalMs":10000,"sampleSize":10,"queueLength":1024,"kvThresholdMs":500,"queryThresholdMs":1000,"searchThresholdMs":1000,"analyticsThresholdMs":1000,"viewThresholdMs":1000},"loggingMeterConfig":{"enabled":true,"emitIntervalMs":600000},"retryStrategy":"BestEffortRetryStrategy","requestTracer":"ThresholdLoggingTracer","meter":"LoggingMeter","numRequestCallbacks":0} {"coreId":"0xf517ef9700000001","seedNodes":[{"address":"127.0.0.1"}]}
[cb-events] INFO com.couchbase.node - [com.couchbase.node][NodeConnectedEvent] Node connected {"coreId":"0xf517ef9700000001","managerPort":"8091","remote":"127.0.0.1"}
[cb-events] INFO com.couchbase.core - [com.couchbase.core][BucketOpenedEvent][747ms] Opened bucket "Employee" {"coreId":"0xf517ef9700000001"}
[cb-events] INFO com.couchbase.core - [com.couchbase.core][CoreCreatedEvent] {"clientVersion":"3.2.1","clientGitHash":"${buildNumber}","coreVersion":"2.2.1","coreGitHash":"${buildNumber}","userAgent":"couchbase-java/3.2.1 (Windows 10 10.0 amd64; Java HotSpot(TM) 64-Bit Server VM 1.8.0_301-b09)","maxNumRequestsInRetry":32768,"ioEnvironment":{"nativeIoEnabled":true,"eventLoopThreadCount":4,"eventLoopGroups":["NioEventLoopGroup"]},"ioConfig":{"captureTraffic":[],"mutationTokensEnabled":true,"networkResolution":"auto","dnsSrvEnabled":true,"tcpKeepAlivesEnabled":true,"tcpKeepAliveTimeMs":60000,"configPollIntervalMs":2500,"kvCircuitBreakerConfig":"disabled","queryCircuitBreakerConfig":"disabled","viewCircuitBreakerConfig":"disabled","searchCircuitBreakerConfig":"disabled","analyticsCircuitBreakerConfig":"disabled","managerCircuitBreakerConfig":"disabled","eventingCircuitBreakerConfig":"disabled","numKvConnections":1,"maxHttpConnections":12,"idleHttpConnectionTimeoutMs":4500,"configIdleRedialTimeoutMs":300000,"memcachedHashingStrategy":"StandardMemcachedHashingStrategy"},"compressionConfig":{"enabled":true,"minRatio":0.83,"minSize":32},"securityConfig":{"tlsEnabled":false,"nativeTlsEnabled":true,"hostnameVerificationEnabled":true,"hasTrustCertificates":false,"trustManagerFactory":null,"ciphers":[]},"timeoutConfig":{"kvMs":60000,"kvDurableMs":10000,"managementMs":75000,"queryMs":10000,"viewMs":75000,"searchMs":75000,"analyticsMs":75000,"connectMs":10000,"disconnectMs":10000,"eventingMs":75000},"loggerConfig":{"customLogger":null,"fallbackToConsole":false,"consoleLogLevel":{"name":"INFO","resourceBundleName":"sun.util.logging.resources.logging","localizedName":"INFO"},"disableSlf4j":false,"loggerName":"CouchbaseLogger","diagnosticContextEnabled":false},"orphanReporterConfig":{"emitIntervalMs":10000,"sampleSize":10,"queueLength":1024,"enabled":true},"thresholdLoggingTracerConfig":{"enabled":true,"emitIntervalMs":10000,"sampleSize":10,"queueLength":1024,"kvThresholdMs":500,"queryThresholdMs":1000,"searchThresholdMs":1000,"analyticsThresholdMs":1000,"viewThresholdMs":1000},"loggingMeterConfig":{"enabled":true,"emitIntervalMs":600000},"retryStrategy":"BestEffortRetryStrategy","requestTracer":"ThresholdLoggingTracer","meter":"LoggingMeter","numRequestCallbacks":0} {"coreId":"0xf517ef9700000002","seedNodes":[{"address":"127.0.0.1"}]}
[cb-events] INFO com.couchbase.node - [com.couchbase.node][NodeConnectedEvent] Node connected {"coreId":"0xf517ef9700000002","managerPort":"8091","remote":"127.0.0.1"}
]]></system-err>
</testsuite>
